{"C:\\DATA-JON\\BAHAN LAMAR KERJA\\2025-03-13 - GovTech\\nodjs-api-assessment-govtech\\models\\index.js": {"path":"C:\\DATA-JON\\BAHAN LAMAR KERJA\\2025-03-13 - GovTech\\nodjs-api-assessment-govtech\\models\\index.js","statementMap":{"0":{"start":{"line":3,"column":11},"end":{"line":3,"column":24}},"1":{"start":{"line":4,"column":13},"end":{"line":4,"column":28}},"2":{"start":{"line":5,"column":18},"end":{"line":5,"column":38}},"3":{"start":{"line":6,"column":16},"end":{"line":6,"column":34}},"4":{"start":{"line":7,"column":17},"end":{"line":7,"column":42}},"5":{"start":{"line":8,"column":12},"end":{"line":8,"column":49}},"6":{"start":{"line":9,"column":15},"end":{"line":9,"column":65}},"7":{"start":{"line":10,"column":11},"end":{"line":10,"column":13}},"8":{"start":{"line":13,"column":0},"end":{"line":17,"column":1}},"9":{"start":{"line":14,"column":2},"end":{"line":14,"column":74}},"10":{"start":{"line":16,"column":2},"end":{"line":16,"column":87}},"11":{"start":{"line":19,"column":0},"end":{"line":32,"column":5}},"12":{"start":{"line":22,"column":4},"end":{"line":27,"column":6}},"13":{"start":{"line":30,"column":18},"end":{"line":30,"column":85}},"14":{"start":{"line":31,"column":4},"end":{"line":31,"column":27}},"15":{"start":{"line":34,"column":0},"end":{"line":38,"column":3}},"16":{"start":{"line":35,"column":2},"end":{"line":37,"column":3}},"17":{"start":{"line":36,"column":4},"end":{"line":36,"column":32}},"18":{"start":{"line":40,"column":0},"end":{"line":40,"column":25}},"19":{"start":{"line":41,"column":0},"end":{"line":41,"column":25}},"20":{"start":{"line":43,"column":0},"end":{"line":43,"column":20}}},"fnMap":{"0":{"name":"(anonymous_0)","decl":{"start":{"line":21,"column":10},"end":{"line":21,"column":11}},"loc":{"start":{"line":21,"column":18},"end":{"line":28,"column":3}},"line":21},"1":{"name":"(anonymous_1)","decl":{"start":{"line":29,"column":11},"end":{"line":29,"column":12}},"loc":{"start":{"line":29,"column":19},"end":{"line":32,"column":3}},"line":29},"2":{"name":"(anonymous_2)","decl":{"start":{"line":34,"column":24},"end":{"line":34,"column":25}},"loc":{"start":{"line":34,"column":37},"end":{"line":38,"column":1}},"line":34}},"branchMap":{"0":{"loc":{"start":{"line":8,"column":12},"end":{"line":8,"column":49}},"type":"binary-expr","locations":[{"start":{"line":8,"column":12},"end":{"line":8,"column":32}},{"start":{"line":8,"column":36},"end":{"line":8,"column":49}}],"line":8},"1":{"loc":{"start":{"line":13,"column":0},"end":{"line":17,"column":1}},"type":"if","locations":[{"start":{"line":13,"column":0},"end":{"line":17,"column":1}},{"start":{"line":15,"column":7},"end":{"line":17,"column":1}}],"line":13},"2":{"loc":{"start":{"line":23,"column":6},"end":{"line":26,"column":37}},"type":"binary-expr","locations":[{"start":{"line":23,"column":6},"end":{"line":23,"column":29}},{"start":{"line":24,"column":6},"end":{"line":24,"column":23}},{"start":{"line":25,"column":6},"end":{"line":25,"column":30}},{"start":{"line":26,"column":6},"end":{"line":26,"column":37}}],"line":23},"3":{"loc":{"start":{"line":35,"column":2},"end":{"line":37,"column":3}},"type":"if","locations":[{"start":{"line":35,"column":2},"end":{"line":37,"column":3}},{"start":{},"end":{}}],"line":35}},"s":{"0":1,"1":1,"2":1,"3":1,"4":1,"5":1,"6":1,"7":1,"8":1,"9":0,"10":1,"11":1,"12":6,"13":5,"14":5,"15":1,"16":5,"17":5,"18":1,"19":1,"20":1},"f":{"0":6,"1":5,"2":5},"b":{"0":[1,0],"1":[0,1],"2":[6,6,5,5],"3":[5,0]},"_coverageSchema":"1a1c01bbd47fc00a2c39e90264f33305004495a9","hash":"7420d1de5274e39d62975efa1be84f21d429b07b"}
,"C:\\DATA-JON\\BAHAN LAMAR KERJA\\2025-03-13 - GovTech\\nodjs-api-assessment-govtech\\models\\log.js": {"path":"C:\\DATA-JON\\BAHAN LAMAR KERJA\\2025-03-13 - GovTech\\nodjs-api-assessment-govtech\\models\\log.js","statementMap":{"0":{"start":{"line":2,"column":18},"end":{"line":2,"column":38}},"1":{"start":{"line":3,"column":0},"end":{"line":25,"column":2}},"2":{"start":{"line":14,"column":2},"end":{"line":23,"column":4}},"3":{"start":{"line":24,"column":2},"end":{"line":24,"column":13}}},"fnMap":{"0":{"name":"(anonymous_0)","decl":{"start":{"line":3,"column":17},"end":{"line":3,"column":18}},"loc":{"start":{"line":3,"column":43},"end":{"line":25,"column":1}},"line":3},"1":{"name":"(anonymous_1)","decl":{"start":{"line":10,"column":4},"end":{"line":10,"column":5}},"loc":{"start":{"line":10,"column":29},"end":{"line":12,"column":5}},"line":10}},"branchMap":{},"s":{"0":1,"1":1,"2":1,"3":1},"f":{"0":1,"1":1},"b":{},"_coverageSchema":"1a1c01bbd47fc00a2c39e90264f33305004495a9","hash":"2323f7b5a407a7149247c1aa136c519bbc4f076c"}
,"C:\\DATA-JON\\BAHAN LAMAR KERJA\\2025-03-13 - GovTech\\nodjs-api-assessment-govtech\\models\\student.js": {"path":"C:\\DATA-JON\\BAHAN LAMAR KERJA\\2025-03-13 - GovTech\\nodjs-api-assessment-govtech\\models\\student.js","statementMap":{"0":{"start":{"line":2,"column":18},"end":{"line":2,"column":38}},"1":{"start":{"line":3,"column":0},"end":{"line":55,"column":2}},"2":{"start":{"line":11,"column":6},"end":{"line":16,"column":9}},"3":{"start":{"line":19,"column":2},"end":{"line":53,"column":4}},"4":{"start":{"line":54,"column":2},"end":{"line":54,"column":17}}},"fnMap":{"0":{"name":"(anonymous_0)","decl":{"start":{"line":3,"column":17},"end":{"line":3,"column":18}},"loc":{"start":{"line":3,"column":43},"end":{"line":55,"column":1}},"line":3},"1":{"name":"(anonymous_1)","decl":{"start":{"line":10,"column":4},"end":{"line":10,"column":5}},"loc":{"start":{"line":10,"column":29},"end":{"line":17,"column":5}},"line":10}},"branchMap":{},"s":{"0":1,"1":1,"2":1,"3":1,"4":1},"f":{"0":1,"1":1},"b":{},"_coverageSchema":"1a1c01bbd47fc00a2c39e90264f33305004495a9","hash":"b395857f17c38eaad951b36f76ab88b574e14a71"}
,"C:\\DATA-JON\\BAHAN LAMAR KERJA\\2025-03-13 - GovTech\\nodjs-api-assessment-govtech\\models\\teacher.js": {"path":"C:\\DATA-JON\\BAHAN LAMAR KERJA\\2025-03-13 - GovTech\\nodjs-api-assessment-govtech\\models\\teacher.js","statementMap":{"0":{"start":{"line":2,"column":18},"end":{"line":2,"column":38}},"1":{"start":{"line":3,"column":0},"end":{"line":50,"column":2}},"2":{"start":{"line":11,"column":6},"end":{"line":16,"column":9}},"3":{"start":{"line":19,"column":2},"end":{"line":48,"column":4}},"4":{"start":{"line":49,"column":2},"end":{"line":49,"column":17}}},"fnMap":{"0":{"name":"(anonymous_0)","decl":{"start":{"line":3,"column":17},"end":{"line":3,"column":18}},"loc":{"start":{"line":3,"column":43},"end":{"line":50,"column":1}},"line":3},"1":{"name":"(anonymous_1)","decl":{"start":{"line":10,"column":4},"end":{"line":10,"column":5}},"loc":{"start":{"line":10,"column":29},"end":{"line":17,"column":5}},"line":10}},"branchMap":{},"s":{"0":1,"1":1,"2":1,"3":1,"4":1},"f":{"0":1,"1":1},"b":{},"_coverageSchema":"1a1c01bbd47fc00a2c39e90264f33305004495a9","hash":"ac4232364567f0b9388c8f9b9e233baebe80613e"}
,"C:\\DATA-JON\\BAHAN LAMAR KERJA\\2025-03-13 - GovTech\\nodjs-api-assessment-govtech\\models\\teacherstudent.js": {"path":"C:\\DATA-JON\\BAHAN LAMAR KERJA\\2025-03-13 - GovTech\\nodjs-api-assessment-govtech\\models\\teacherstudent.js","statementMap":{"0":{"start":{"line":2,"column":18},"end":{"line":2,"column":38}},"1":{"start":{"line":3,"column":0},"end":{"line":48,"column":2}},"2":{"start":{"line":11,"column":6},"end":{"line":14,"column":9}},"3":{"start":{"line":15,"column":6},"end":{"line":18,"column":9}},"4":{"start":{"line":21,"column":2},"end":{"line":46,"column":4}},"5":{"start":{"line":47,"column":2},"end":{"line":47,"column":24}}},"fnMap":{"0":{"name":"(anonymous_0)","decl":{"start":{"line":3,"column":17},"end":{"line":3,"column":18}},"loc":{"start":{"line":3,"column":43},"end":{"line":48,"column":1}},"line":3},"1":{"name":"(anonymous_1)","decl":{"start":{"line":10,"column":4},"end":{"line":10,"column":5}},"loc":{"start":{"line":10,"column":29},"end":{"line":19,"column":5}},"line":10}},"branchMap":{},"s":{"0":1,"1":1,"2":1,"3":1,"4":1,"5":1},"f":{"0":1,"1":1},"b":{},"_coverageSchema":"1a1c01bbd47fc00a2c39e90264f33305004495a9","hash":"d149ba46894fcb52da99800e7e61a8054523108d"}
,"C:\\DATA-JON\\BAHAN LAMAR KERJA\\2025-03-13 - GovTech\\nodjs-api-assessment-govtech\\models\\user.js": {"path":"C:\\DATA-JON\\BAHAN LAMAR KERJA\\2025-03-13 - GovTech\\nodjs-api-assessment-govtech\\models\\user.js","statementMap":{"0":{"start":{"line":2,"column":18},"end":{"line":2,"column":38}},"1":{"start":{"line":3,"column":0},"end":{"line":30,"column":2}},"2":{"start":{"line":14,"column":2},"end":{"line":28,"column":4}},"3":{"start":{"line":29,"column":2},"end":{"line":29,"column":14}}},"fnMap":{"0":{"name":"(anonymous_0)","decl":{"start":{"line":3,"column":17},"end":{"line":3,"column":18}},"loc":{"start":{"line":3,"column":43},"end":{"line":30,"column":1}},"line":3},"1":{"name":"(anonymous_1)","decl":{"start":{"line":10,"column":4},"end":{"line":10,"column":5}},"loc":{"start":{"line":10,"column":29},"end":{"line":12,"column":5}},"line":10}},"branchMap":{},"s":{"0":1,"1":1,"2":1,"3":1},"f":{"0":1,"1":1},"b":{},"_coverageSchema":"1a1c01bbd47fc00a2c39e90264f33305004495a9","hash":"3de3f57a41a94c08a478bce9cb10a77992b0e3ab"}
,"C:\\DATA-JON\\BAHAN LAMAR KERJA\\2025-03-13 - GovTech\\nodjs-api-assessment-govtech\\src\\index.js": {"path":"C:\\DATA-JON\\BAHAN LAMAR KERJA\\2025-03-13 - GovTech\\nodjs-api-assessment-govtech\\src\\index.js","statementMap":{"0":{"start":{"line":1,"column":16},"end":{"line":1,"column":34}},"1":{"start":{"line":2,"column":0},"end":{"line":2,"column":27}},"2":{"start":{"line":3,"column":12},"end":{"line":3,"column":21}},"3":{"start":{"line":4,"column":13},"end":{"line":4,"column":37}},"4":{"start":{"line":6,"column":15},"end":{"line":6,"column":41}},"5":{"start":{"line":8,"column":0},"end":{"line":8,"column":24}},"6":{"start":{"line":10,"column":0},"end":{"line":10,"column":24}},"7":{"start":{"line":12,"column":0},"end":{"line":17,"column":3}},"8":{"start":{"line":13,"column":2},"end":{"line":16,"column":5}},"9":{"start":{"line":19,"column":0},"end":{"line":21,"column":3}},"10":{"start":{"line":20,"column":2},"end":{"line":20,"column":55}}},"fnMap":{"0":{"name":"(anonymous_0)","decl":{"start":{"line":12,"column":13},"end":{"line":12,"column":14}},"loc":{"start":{"line":12,"column":27},"end":{"line":17,"column":1}},"line":12},"1":{"name":"(anonymous_1)","decl":{"start":{"line":19,"column":17},"end":{"line":19,"column":18}},"loc":{"start":{"line":19,"column":23},"end":{"line":21,"column":1}},"line":19}},"branchMap":{"0":{"loc":{"start":{"line":4,"column":13},"end":{"line":4,"column":37}},"type":"binary-expr","locations":[{"start":{"line":4,"column":13},"end":{"line":4,"column":29}},{"start":{"line":4,"column":33},"end":{"line":4,"column":37}}],"line":4}},"s":{"0":1,"1":1,"2":1,"3":1,"4":1,"5":1,"6":1,"7":1,"8":0,"9":1,"10":1},"f":{"0":0,"1":1},"b":{"0":[1,0]},"_coverageSchema":"1a1c01bbd47fc00a2c39e90264f33305004495a9","hash":"b52c1e36142d895574321570b192b90349091dd7"}
,"C:\\DATA-JON\\BAHAN LAMAR KERJA\\2025-03-13 - GovTech\\nodjs-api-assessment-govtech\\src\\controllers\\auth-controller.js": {"path":"C:\\DATA-JON\\BAHAN LAMAR KERJA\\2025-03-13 - GovTech\\nodjs-api-assessment-govtech\\src\\controllers\\auth-controller.js","statementMap":{"0":{"start":{"line":1,"column":43},"end":{"line":1,"column":66}},"1":{"start":{"line":2,"column":23},"end":{"line":2,"column":38}},"2":{"start":{"line":3,"column":12},"end":{"line":3,"column":26}},"3":{"start":{"line":4,"column":15},"end":{"line":4,"column":32}},"4":{"start":{"line":5,"column":12},"end":{"line":5,"column":35}},"5":{"start":{"line":6,"column":15},"end":{"line":6,"column":35}},"6":{"start":{"line":8,"column":0},"end":{"line":82,"column":2}},"7":{"start":{"line":9,"column":2},"end":{"line":81,"column":3}},"8":{"start":{"line":10,"column":22},"end":{"line":10,"column":30}},"9":{"start":{"line":13,"column":29},"end":{"line":19,"column":6}},"10":{"start":{"line":21,"column":22},"end":{"line":21,"column":58}},"11":{"start":{"line":22,"column":4},"end":{"line":27,"column":5}},"12":{"start":{"line":23,"column":6},"end":{"line":26,"column":9}},"13":{"start":{"line":30,"column":25},"end":{"line":34,"column":6}},"14":{"start":{"line":35,"column":4},"end":{"line":46,"column":5}},"15":{"start":{"line":36,"column":20},"end":{"line":36,"column":45}},"16":{"start":{"line":37,"column":6},"end":{"line":44,"column":7}},"17":{"start":{"line":41,"column":8},"end":{"line":41,"column":53}},"18":{"start":{"line":42,"column":13},"end":{"line":44,"column":7}},"19":{"start":{"line":43,"column":8},"end":{"line":43,"column":41}},"20":{"start":{"line":45,"column":6},"end":{"line":45,"column":63}},"21":{"start":{"line":49,"column":27},"end":{"line":49,"column":68}},"22":{"start":{"line":52,"column":20},"end":{"line":59,"column":6}},"23":{"start":{"line":62,"column":4},"end":{"line":73,"column":7}},"24":{"start":{"line":75,"column":4},"end":{"line":75,"column":25}},"25":{"start":{"line":76,"column":4},"end":{"line":80,"column":7}},"26":{"start":{"line":84,"column":0},"end":{"line":196,"column":2}},"27":{"start":{"line":85,"column":2},"end":{"line":195,"column":3}},"28":{"start":{"line":86,"column":22},"end":{"line":86,"column":30}},"29":{"start":{"line":87,"column":20},"end":{"line":87,"column":30}},"30":{"start":{"line":88,"column":24},"end":{"line":88,"column":76}},"31":{"start":{"line":91,"column":28},"end":{"line":94,"column":6}},"32":{"start":{"line":95,"column":28},"end":{"line":95,"column":69}},"33":{"start":{"line":96,"column":4},"end":{"line":101,"column":5}},"34":{"start":{"line":97,"column":6},"end":{"line":100,"column":9}},"35":{"start":{"line":105,"column":28},"end":{"line":109,"column":6}},"36":{"start":{"line":110,"column":4},"end":{"line":115,"column":5}},"37":{"start":{"line":111,"column":6},"end":{"line":114,"column":9}},"38":{"start":{"line":119,"column":4},"end":{"line":124,"column":5}},"39":{"start":{"line":120,"column":6},"end":{"line":123,"column":9}},"40":{"start":{"line":127,"column":28},"end":{"line":130,"column":5}},"41":{"start":{"line":131,"column":4},"end":{"line":136,"column":5}},"42":{"start":{"line":132,"column":6},"end":{"line":135,"column":9}},"43":{"start":{"line":140,"column":18},"end":{"line":146,"column":5}},"44":{"start":{"line":150,"column":25},"end":{"line":156,"column":5}},"45":{"start":{"line":160,"column":4},"end":{"line":165,"column":6}},"46":{"start":{"line":168,"column":4},"end":{"line":172,"column":7}},"47":{"start":{"line":175,"column":4},"end":{"line":187,"column":7}},"48":{"start":{"line":189,"column":4},"end":{"line":189,"column":25}},"49":{"start":{"line":190,"column":4},"end":{"line":194,"column":7}},"50":{"start":{"line":198,"column":0},"end":{"line":229,"column":2}},"51":{"start":{"line":199,"column":2},"end":{"line":228,"column":3}},"52":{"start":{"line":200,"column":29},"end":{"line":200,"column":37}},"53":{"start":{"line":201,"column":4},"end":{"line":203,"column":5}},"54":{"start":{"line":202,"column":6},"end":{"line":202,"column":76}},"55":{"start":{"line":206,"column":17},"end":{"line":206,"column":69}},"56":{"start":{"line":207,"column":4},"end":{"line":209,"column":5}},"57":{"start":{"line":208,"column":6},"end":{"line":208,"column":72}},"58":{"start":{"line":212,"column":4},"end":{"line":225,"column":7}},"59":{"start":{"line":213,"column":6},"end":{"line":215,"column":7}},"60":{"start":{"line":214,"column":8},"end":{"line":214,"column":74}},"61":{"start":{"line":218,"column":29},"end":{"line":222,"column":7}},"62":{"start":{"line":224,"column":6},"end":{"line":224,"column":42}},"63":{"start":{"line":227,"column":4},"end":{"line":227,"column":53}},"64":{"start":{"line":231,"column":0},"end":{"line":267,"column":2}},"65":{"start":{"line":232,"column":2},"end":{"line":266,"column":3}},"66":{"start":{"line":233,"column":23},"end":{"line":233,"column":31}},"67":{"start":{"line":236,"column":25},"end":{"line":240,"column":6}},"68":{"start":{"line":241,"column":4},"end":{"line":246,"column":5}},"69":{"start":{"line":242,"column":6},"end":{"line":245,"column":9}},"70":{"start":{"line":249,"column":4},"end":{"line":258,"column":7}},"71":{"start":{"line":260,"column":4},"end":{"line":260,"column":23}},"72":{"start":{"line":261,"column":4},"end":{"line":265,"column":7}}},"fnMap":{"0":{"name":"(anonymous_0)","decl":{"start":{"line":8,"column":19},"end":{"line":8,"column":20}},"loc":{"start":{"line":8,"column":39},"end":{"line":82,"column":1}},"line":8},"1":{"name":"(anonymous_1)","decl":{"start":{"line":84,"column":16},"end":{"line":84,"column":17}},"loc":{"start":{"line":84,"column":36},"end":{"line":196,"column":1}},"line":84},"2":{"name":"(anonymous_2)","decl":{"start":{"line":198,"column":23},"end":{"line":198,"column":24}},"loc":{"start":{"line":198,"column":43},"end":{"line":229,"column":1}},"line":198},"3":{"name":"(anonymous_3)","decl":{"start":{"line":212,"column":61},"end":{"line":212,"column":62}},"loc":{"start":{"line":212,"column":79},"end":{"line":225,"column":5}},"line":212},"4":{"name":"(anonymous_4)","decl":{"start":{"line":231,"column":21},"end":{"line":231,"column":22}},"loc":{"start":{"line":231,"column":41},"end":{"line":267,"column":1}},"line":231}},"branchMap":{"0":{"loc":{"start":{"line":22,"column":4},"end":{"line":27,"column":5}},"type":"if","locations":[{"start":{"line":22,"column":4},"end":{"line":27,"column":5}},{"start":{},"end":{}}],"line":22},"1":{"loc":{"start":{"line":35,"column":4},"end":{"line":46,"column":5}},"type":"if","locations":[{"start":{"line":35,"column":4},"end":{"line":46,"column":5}},{"start":{},"end":{}}],"line":35},"2":{"loc":{"start":{"line":37,"column":6},"end":{"line":44,"column":7}},"type":"if","locations":[{"start":{"line":37,"column":6},"end":{"line":44,"column":7}},{"start":{"line":42,"column":13},"end":{"line":44,"column":7}}],"line":37},"3":{"loc":{"start":{"line":38,"column":8},"end":{"line":39,"column":52}},"type":"binary-expr","locations":[{"start":{"line":38,"column":8},"end":{"line":38,"column":46}},{"start":{"line":39,"column":8},"end":{"line":39,"column":52}}],"line":38},"4":{"loc":{"start":{"line":42,"column":13},"end":{"line":44,"column":7}},"type":"if","locations":[{"start":{"line":42,"column":13},"end":{"line":44,"column":7}},{"start":{},"end":{}}],"line":42},"5":{"loc":{"start":{"line":96,"column":4},"end":{"line":101,"column":5}},"type":"if","locations":[{"start":{"line":96,"column":4},"end":{"line":101,"column":5}},{"start":{},"end":{}}],"line":96},"6":{"loc":{"start":{"line":110,"column":4},"end":{"line":115,"column":5}},"type":"if","locations":[{"start":{"line":110,"column":4},"end":{"line":115,"column":5}},{"start":{},"end":{}}],"line":110},"7":{"loc":{"start":{"line":119,"column":4},"end":{"line":124,"column":5}},"type":"if","locations":[{"start":{"line":119,"column":4},"end":{"line":124,"column":5}},{"start":{},"end":{}}],"line":119},"8":{"loc":{"start":{"line":131,"column":4},"end":{"line":136,"column":5}},"type":"if","locations":[{"start":{"line":131,"column":4},"end":{"line":136,"column":5}},{"start":{},"end":{}}],"line":131},"9":{"loc":{"start":{"line":201,"column":4},"end":{"line":203,"column":5}},"type":"if","locations":[{"start":{"line":201,"column":4},"end":{"line":203,"column":5}},{"start":{},"end":{}}],"line":201},"10":{"loc":{"start":{"line":207,"column":4},"end":{"line":209,"column":5}},"type":"if","locations":[{"start":{"line":207,"column":4},"end":{"line":209,"column":5}},{"start":{},"end":{}}],"line":207},"11":{"loc":{"start":{"line":213,"column":6},"end":{"line":215,"column":7}},"type":"if","locations":[{"start":{"line":213,"column":6},"end":{"line":215,"column":7}},{"start":{},"end":{}}],"line":213},"12":{"loc":{"start":{"line":241,"column":4},"end":{"line":246,"column":5}},"type":"if","locations":[{"start":{"line":241,"column":4},"end":{"line":246,"column":5}},{"start":{},"end":{}}],"line":241}},"s":{"0":1,"1":1,"2":1,"3":1,"4":1,"5":1,"6":1,"7":0,"8":0,"9":0,"10":0,"11":0,"12":0,"13":0,"14":0,"15":0,"16":0,"17":0,"18":0,"19":0,"20":0,"21":0,"22":0,"23":0,"24":0,"25":0,"26":1,"27":0,"28":0,"29":0,"30":0,"31":0,"32":0,"33":0,"34":0,"35":0,"36":0,"37":0,"38":0,"39":0,"40":0,"41":0,"42":0,"43":0,"44":0,"45":0,"46":0,"47":0,"48":0,"49":0,"50":1,"51":0,"52":0,"53":0,"54":0,"55":0,"56":0,"57":0,"58":0,"59":0,"60":0,"61":0,"62":0,"63":0,"64":1,"65":0,"66":0,"67":0,"68":0,"69":0,"70":0,"71":0,"72":0},"f":{"0":0,"1":0,"2":0,"3":0,"4":0},"b":{"0":[0,0],"1":[0,0],"2":[0,0],"3":[0,0],"4":[0,0],"5":[0,0],"6":[0,0],"7":[0,0],"8":[0,0],"9":[0,0],"10":[0,0],"11":[0,0],"12":[0,0]},"_coverageSchema":"1a1c01bbd47fc00a2c39e90264f33305004495a9","hash":"fdf8f4ddcdae103f99cc749b577fa3d5ba69ae5e"}
,"C:\\DATA-JON\\BAHAN LAMAR KERJA\\2025-03-13 - GovTech\\nodjs-api-assessment-govtech\\src\\controllers\\student-controller.js": {"path":"C:\\DATA-JON\\BAHAN LAMAR KERJA\\2025-03-13 - GovTech\\nodjs-api-assessment-govtech\\src\\controllers\\student-controller.js","statementMap":{"0":{"start":{"line":1,"column":18},"end":{"line":1,"column":38}},"1":{"start":{"line":2,"column":34},"end":{"line":2,"column":57}},"2":{"start":{"line":3,"column":12},"end":{"line":3,"column":26}},"3":{"start":{"line":5,"column":0},"end":{"line":51,"column":2}},"4":{"start":{"line":6,"column":2},"end":{"line":50,"column":3}},"5":{"start":{"line":7,"column":22},"end":{"line":7,"column":30}},"6":{"start":{"line":10,"column":29},"end":{"line":14,"column":6}},"7":{"start":{"line":16,"column":22},"end":{"line":16,"column":58}},"8":{"start":{"line":17,"column":4},"end":{"line":22,"column":5}},"9":{"start":{"line":18,"column":6},"end":{"line":21,"column":9}},"10":{"start":{"line":25,"column":28},"end":{"line":27,"column":6}},"11":{"start":{"line":28,"column":4},"end":{"line":33,"column":5}},"12":{"start":{"line":29,"column":6},"end":{"line":32,"column":9}},"13":{"start":{"line":36,"column":23},"end":{"line":36,"column":59}},"14":{"start":{"line":38,"column":4},"end":{"line":42,"column":7}},"15":{"start":{"line":44,"column":4},"end":{"line":44,"column":25}},"16":{"start":{"line":45,"column":4},"end":{"line":49,"column":7}},"17":{"start":{"line":53,"column":0},"end":{"line":85,"column":2}},"18":{"start":{"line":54,"column":2},"end":{"line":84,"column":3}},"19":{"start":{"line":56,"column":21},"end":{"line":61,"column":6}},"20":{"start":{"line":64,"column":4},"end":{"line":69,"column":5}},"21":{"start":{"line":65,"column":6},"end":{"line":68,"column":9}},"22":{"start":{"line":72,"column":4},"end":{"line":76,"column":7}},"23":{"start":{"line":78,"column":4},"end":{"line":78,"column":61}},"24":{"start":{"line":79,"column":4},"end":{"line":83,"column":7}},"25":{"start":{"line":87,"column":0},"end":{"line":127,"column":2}},"26":{"start":{"line":88,"column":2},"end":{"line":126,"column":3}},"27":{"start":{"line":89,"column":19},"end":{"line":89,"column":29}},"28":{"start":{"line":92,"column":20},"end":{"line":103,"column":5}},"29":{"start":{"line":106,"column":4},"end":{"line":111,"column":5}},"30":{"start":{"line":107,"column":6},"end":{"line":110,"column":9}},"31":{"start":{"line":114,"column":4},"end":{"line":118,"column":7}},"32":{"start":{"line":120,"column":4},"end":{"line":120,"column":61}},"33":{"start":{"line":121,"column":4},"end":{"line":125,"column":7}},"34":{"start":{"line":129,"column":0},"end":{"line":190,"column":2}},"35":{"start":{"line":130,"column":2},"end":{"line":189,"column":3}},"36":{"start":{"line":131,"column":19},"end":{"line":131,"column":29}},"37":{"start":{"line":132,"column":22},"end":{"line":132,"column":30}},"38":{"start":{"line":135,"column":29},"end":{"line":140,"column":6}},"39":{"start":{"line":142,"column":22},"end":{"line":142,"column":58}},"40":{"start":{"line":143,"column":4},"end":{"line":148,"column":5}},"41":{"start":{"line":144,"column":6},"end":{"line":147,"column":9}},"42":{"start":{"line":151,"column":20},"end":{"line":151,"column":51}},"43":{"start":{"line":152,"column":4},"end":{"line":157,"column":5}},"44":{"start":{"line":153,"column":6},"end":{"line":156,"column":9}},"45":{"start":{"line":160,"column":4},"end":{"line":172,"column":5}},"46":{"start":{"line":162,"column":26},"end":{"line":164,"column":8}},"47":{"start":{"line":166,"column":6},"end":{"line":171,"column":7}},"48":{"start":{"line":167,"column":8},"end":{"line":170,"column":11}},"49":{"start":{"line":175,"column":4},"end":{"line":175,"column":36}},"50":{"start":{"line":177,"column":4},"end":{"line":181,"column":7}},"51":{"start":{"line":183,"column":4},"end":{"line":183,"column":60}},"52":{"start":{"line":184,"column":4},"end":{"line":188,"column":7}},"53":{"start":{"line":192,"column":0},"end":{"line":220,"column":2}},"54":{"start":{"line":193,"column":2},"end":{"line":219,"column":3}},"55":{"start":{"line":194,"column":19},"end":{"line":194,"column":29}},"56":{"start":{"line":197,"column":20},"end":{"line":197,"column":51}},"57":{"start":{"line":198,"column":4},"end":{"line":203,"column":5}},"58":{"start":{"line":199,"column":6},"end":{"line":202,"column":9}},"59":{"start":{"line":206,"column":4},"end":{"line":206,"column":28}},"60":{"start":{"line":208,"column":4},"end":{"line":211,"column":7}},"61":{"start":{"line":213,"column":4},"end":{"line":213,"column":60}},"62":{"start":{"line":214,"column":4},"end":{"line":218,"column":7}}},"fnMap":{"0":{"name":"(anonymous_0)","decl":{"start":{"line":5,"column":24},"end":{"line":5,"column":25}},"loc":{"start":{"line":5,"column":44},"end":{"line":51,"column":1}},"line":5},"1":{"name":"(anonymous_1)","decl":{"start":{"line":53,"column":22},"end":{"line":53,"column":23}},"loc":{"start":{"line":53,"column":42},"end":{"line":85,"column":1}},"line":53},"2":{"name":"(anonymous_2)","decl":{"start":{"line":87,"column":21},"end":{"line":87,"column":22}},"loc":{"start":{"line":87,"column":41},"end":{"line":127,"column":1}},"line":87},"3":{"name":"(anonymous_3)","decl":{"start":{"line":129,"column":24},"end":{"line":129,"column":25}},"loc":{"start":{"line":129,"column":44},"end":{"line":190,"column":1}},"line":129},"4":{"name":"(anonymous_4)","decl":{"start":{"line":192,"column":24},"end":{"line":192,"column":25}},"loc":{"start":{"line":192,"column":44},"end":{"line":220,"column":1}},"line":192}},"branchMap":{"0":{"loc":{"start":{"line":17,"column":4},"end":{"line":22,"column":5}},"type":"if","locations":[{"start":{"line":17,"column":4},"end":{"line":22,"column":5}},{"start":{},"end":{}}],"line":17},"1":{"loc":{"start":{"line":28,"column":4},"end":{"line":33,"column":5}},"type":"if","locations":[{"start":{"line":28,"column":4},"end":{"line":33,"column":5}},{"start":{},"end":{}}],"line":28},"2":{"loc":{"start":{"line":64,"column":4},"end":{"line":69,"column":5}},"type":"if","locations":[{"start":{"line":64,"column":4},"end":{"line":69,"column":5}},{"start":{},"end":{}}],"line":64},"3":{"loc":{"start":{"line":106,"column":4},"end":{"line":111,"column":5}},"type":"if","locations":[{"start":{"line":106,"column":4},"end":{"line":111,"column":5}},{"start":{},"end":{}}],"line":106},"4":{"loc":{"start":{"line":143,"column":4},"end":{"line":148,"column":5}},"type":"if","locations":[{"start":{"line":143,"column":4},"end":{"line":148,"column":5}},{"start":{},"end":{}}],"line":143},"5":{"loc":{"start":{"line":152,"column":4},"end":{"line":157,"column":5}},"type":"if","locations":[{"start":{"line":152,"column":4},"end":{"line":157,"column":5}},{"start":{},"end":{}}],"line":152},"6":{"loc":{"start":{"line":160,"column":4},"end":{"line":172,"column":5}},"type":"if","locations":[{"start":{"line":160,"column":4},"end":{"line":172,"column":5}},{"start":{},"end":{}}],"line":160},"7":{"loc":{"start":{"line":160,"column":8},"end":{"line":160,"column":60}},"type":"binary-expr","locations":[{"start":{"line":160,"column":8},"end":{"line":160,"column":23}},{"start":{"line":160,"column":27},"end":{"line":160,"column":60}}],"line":160},"8":{"loc":{"start":{"line":166,"column":6},"end":{"line":171,"column":7}},"type":"if","locations":[{"start":{"line":166,"column":6},"end":{"line":171,"column":7}},{"start":{},"end":{}}],"line":166},"9":{"loc":{"start":{"line":198,"column":4},"end":{"line":203,"column":5}},"type":"if","locations":[{"start":{"line":198,"column":4},"end":{"line":203,"column":5}},{"start":{},"end":{}}],"line":198}},"s":{"0":1,"1":1,"2":1,"3":1,"4":0,"5":0,"6":0,"7":0,"8":0,"9":0,"10":0,"11":0,"12":0,"13":0,"14":0,"15":0,"16":0,"17":1,"18":0,"19":0,"20":0,"21":0,"22":0,"23":0,"24":0,"25":1,"26":0,"27":0,"28":0,"29":0,"30":0,"31":0,"32":0,"33":0,"34":1,"35":0,"36":0,"37":0,"38":0,"39":0,"40":0,"41":0,"42":0,"43":0,"44":0,"45":0,"46":0,"47":0,"48":0,"49":0,"50":0,"51":0,"52":0,"53":1,"54":0,"55":0,"56":0,"57":0,"58":0,"59":0,"60":0,"61":0,"62":0},"f":{"0":0,"1":0,"2":0,"3":0,"4":0},"b":{"0":[0,0],"1":[0,0],"2":[0,0],"3":[0,0],"4":[0,0],"5":[0,0],"6":[0,0],"7":[0,0],"8":[0,0],"9":[0,0]},"_coverageSchema":"1a1c01bbd47fc00a2c39e90264f33305004495a9","hash":"4ce816693cea373abdf7b68a5b2551117e397f07"}
,"C:\\DATA-JON\\BAHAN LAMAR KERJA\\2025-03-13 - GovTech\\nodjs-api-assessment-govtech\\src\\controllers\\teacher-controller.js": {"path":"C:\\DATA-JON\\BAHAN LAMAR KERJA\\2025-03-13 - GovTech\\nodjs-api-assessment-govtech\\src\\controllers\\teacher-controller.js","statementMap":{"0":{"start":{"line":6,"column":4},"end":{"line":6,"column":27}},"1":{"start":{"line":7,"column":12},"end":{"line":7,"column":26}},"2":{"start":{"line":9,"column":0},"end":{"line":42,"column":2}},"3":{"start":{"line":10,"column":2},"end":{"line":41,"column":3}},"4":{"start":{"line":11,"column":25},"end":{"line":11,"column":79}},"5":{"start":{"line":14,"column":21},"end":{"line":19,"column":6}},"6":{"start":{"line":22,"column":4},"end":{"line":27,"column":5}},"7":{"start":{"line":23,"column":6},"end":{"line":26,"column":9}},"8":{"start":{"line":29,"column":4},"end":{"line":33,"column":7}},"9":{"start":{"line":35,"column":4},"end":{"line":35,"column":61}},"10":{"start":{"line":36,"column":4},"end":{"line":40,"column":7}},"11":{"start":{"line":44,"column":0},"end":{"line":137,"column":2}},"12":{"start":{"line":47,"column":22},"end":{"line":47,"column":51}},"13":{"start":{"line":49,"column":2},"end":{"line":136,"column":3}},"14":{"start":{"line":51,"column":19},"end":{"line":54,"column":6}},"15":{"start":{"line":56,"column":29},"end":{"line":56,"column":54}},"16":{"start":{"line":57,"column":4},"end":{"line":62,"column":5}},"17":{"start":{"line":58,"column":6},"end":{"line":61,"column":9}},"18":{"start":{"line":64,"column":34},"end":{"line":64,"column":39}},"19":{"start":{"line":67,"column":28},"end":{"line":71,"column":6}},"20":{"start":{"line":74,"column":29},"end":{"line":77,"column":6}},"21":{"start":{"line":80,"column":34},"end":{"line":80,"column":70}},"22":{"start":{"line":80,"column":62},"end":{"line":80,"column":69}},"23":{"start":{"line":83,"column":29},"end":{"line":85,"column":5}},"24":{"start":{"line":84,"column":17},"end":{"line":84,"column":55}},"25":{"start":{"line":88,"column":4},"end":{"line":96,"column":5}},"26":{"start":{"line":89,"column":26},"end":{"line":92,"column":7}},"27":{"start":{"line":90,"column":41},"end":{"line":90,"column":50}},"28":{"start":{"line":95,"column":6},"end":{"line":95,"column":44}},"29":{"start":{"line":99,"column":30},"end":{"line":105,"column":6}},"30":{"start":{"line":102,"column":47},"end":{"line":102,"column":51}},"31":{"start":{"line":107,"column":32},"end":{"line":107,"column":77}},"32":{"start":{"line":107,"column":63},"end":{"line":107,"column":76}},"33":{"start":{"line":110,"column":30},"end":{"line":115,"column":9}},"34":{"start":{"line":111,"column":27},"end":{"line":111,"column":68}},"35":{"start":{"line":112,"column":25},"end":{"line":115,"column":7}},"36":{"start":{"line":118,"column":4},"end":{"line":123,"column":5}},"37":{"start":{"line":119,"column":6},"end":{"line":122,"column":9}},"38":{"start":{"line":125,"column":4},"end":{"line":125,"column":31}},"39":{"start":{"line":127,"column":4},"end":{"line":127,"column":34}},"40":{"start":{"line":129,"column":4},"end":{"line":129,"column":33}},"41":{"start":{"line":130,"column":4},"end":{"line":130,"column":33}},"42":{"start":{"line":131,"column":4},"end":{"line":135,"column":7}},"43":{"start":{"line":139,"column":0},"end":{"line":208,"column":2}},"44":{"start":{"line":140,"column":2},"end":{"line":207,"column":3}},"45":{"start":{"line":141,"column":19},"end":{"line":141,"column":36}},"46":{"start":{"line":144,"column":4},"end":{"line":149,"column":5}},"47":{"start":{"line":145,"column":6},"end":{"line":148,"column":9}},"48":{"start":{"line":150,"column":4},"end":{"line":152,"column":5}},"49":{"start":{"line":151,"column":6},"end":{"line":151,"column":28}},"50":{"start":{"line":155,"column":27},"end":{"line":158,"column":6}},"51":{"start":{"line":161,"column":4},"end":{"line":163,"column":5}},"52":{"start":{"line":162,"column":6},"end":{"line":162,"column":52}},"53":{"start":{"line":166,"column":23},"end":{"line":166,"column":66}},"54":{"start":{"line":166,"column":55},"end":{"line":166,"column":65}},"55":{"start":{"line":169,"column":34},"end":{"line":172,"column":6}},"56":{"start":{"line":175,"column":4},"end":{"line":177,"column":5}},"57":{"start":{"line":176,"column":6},"end":{"line":176,"column":52}},"58":{"start":{"line":180,"column":28},"end":{"line":180,"column":30}},"59":{"start":{"line":181,"column":4},"end":{"line":184,"column":7}},"60":{"start":{"line":182,"column":6},"end":{"line":183,"column":53}},"61":{"start":{"line":187,"column":29},"end":{"line":189,"column":5}},"62":{"start":{"line":188,"column":21},"end":{"line":188,"column":69}},"63":{"start":{"line":192,"column":27},"end":{"line":195,"column":6}},"64":{"start":{"line":197,"column":4},"end":{"line":199,"column":7}},"65":{"start":{"line":198,"column":48},"end":{"line":198,"column":61}},"66":{"start":{"line":201,"column":4},"end":{"line":201,"column":33}},"67":{"start":{"line":202,"column":4},"end":{"line":206,"column":7}},"68":{"start":{"line":210,"column":0},"end":{"line":251,"column":2}},"69":{"start":{"line":211,"column":2},"end":{"line":250,"column":3}},"70":{"start":{"line":213,"column":19},"end":{"line":215,"column":6}},"71":{"start":{"line":217,"column":29},"end":{"line":217,"column":54}},"72":{"start":{"line":218,"column":4},"end":{"line":223,"column":5}},"73":{"start":{"line":219,"column":6},"end":{"line":222,"column":9}},"74":{"start":{"line":225,"column":24},"end":{"line":225,"column":29}},"75":{"start":{"line":228,"column":26},"end":{"line":230,"column":6}},"76":{"start":{"line":232,"column":4},"end":{"line":237,"column":5}},"77":{"start":{"line":233,"column":6},"end":{"line":236,"column":9}},"78":{"start":{"line":240,"column":4},"end":{"line":240,"column":52}},"79":{"start":{"line":242,"column":4},"end":{"line":242,"column":34}},"80":{"start":{"line":244,"column":4},"end":{"line":244,"column":25}},"81":{"start":{"line":245,"column":4},"end":{"line":249,"column":7}},"82":{"start":{"line":253,"column":0},"end":{"line":302,"column":2}},"83":{"start":{"line":254,"column":2},"end":{"line":301,"column":3}},"84":{"start":{"line":256,"column":19},"end":{"line":258,"column":6}},"85":{"start":{"line":260,"column":29},"end":{"line":260,"column":54}},"86":{"start":{"line":261,"column":4},"end":{"line":266,"column":5}},"87":{"start":{"line":262,"column":6},"end":{"line":265,"column":9}},"88":{"start":{"line":268,"column":24},"end":{"line":268,"column":29}},"89":{"start":{"line":271,"column":26},"end":{"line":273,"column":6}},"90":{"start":{"line":275,"column":4},"end":{"line":280,"column":5}},"91":{"start":{"line":276,"column":6},"end":{"line":279,"column":9}},"92":{"start":{"line":283,"column":4},"end":{"line":288,"column":5}},"93":{"start":{"line":284,"column":6},"end":{"line":287,"column":9}},"94":{"start":{"line":291,"column":4},"end":{"line":291,"column":53}},"95":{"start":{"line":293,"column":4},"end":{"line":293,"column":34}},"96":{"start":{"line":295,"column":4},"end":{"line":295,"column":25}},"97":{"start":{"line":296,"column":4},"end":{"line":300,"column":7}},"98":{"start":{"line":304,"column":0},"end":{"line":388,"column":2}},"99":{"start":{"line":305,"column":2},"end":{"line":387,"column":3}},"100":{"start":{"line":307,"column":19},"end":{"line":310,"column":6}},"101":{"start":{"line":312,"column":29},"end":{"line":312,"column":54}},"102":{"start":{"line":313,"column":4},"end":{"line":318,"column":5}},"103":{"start":{"line":314,"column":6},"end":{"line":317,"column":9}},"104":{"start":{"line":320,"column":38},"end":{"line":320,"column":43}},"105":{"start":{"line":323,"column":26},"end":{"line":325,"column":6}},"106":{"start":{"line":327,"column":4},"end":{"line":332,"column":5}},"107":{"start":{"line":328,"column":6},"end":{"line":331,"column":9}},"108":{"start":{"line":335,"column":31},"end":{"line":342,"column":6}},"109":{"start":{"line":345,"column":29},"end":{"line":345,"column":67}},"110":{"start":{"line":345,"column":59},"end":{"line":345,"column":66}},"111":{"start":{"line":348,"column":28},"end":{"line":350,"column":40}},"112":{"start":{"line":350,"column":21},"end":{"line":350,"column":39}},"113":{"start":{"line":353,"column":30},"end":{"line":358,"column":6}},"114":{"start":{"line":360,"column":36},"end":{"line":360,"column":73}},"115":{"start":{"line":360,"column":65},"end":{"line":360,"column":72}},"116":{"start":{"line":363,"column":27},"end":{"line":365,"column":5}},"117":{"start":{"line":364,"column":17},"end":{"line":364,"column":57}},"118":{"start":{"line":367,"column":4},"end":{"line":372,"column":5}},"119":{"start":{"line":368,"column":6},"end":{"line":371,"column":9}},"120":{"start":{"line":375,"column":23},"end":{"line":377,"column":5}},"121":{"start":{"line":379,"column":4},"end":{"line":379,"column":48}},"122":{"start":{"line":381,"column":4},"end":{"line":381,"column":25}},"123":{"start":{"line":382,"column":4},"end":{"line":386,"column":7}}},"fnMap":{"0":{"name":"(anonymous_0)","decl":{"start":{"line":9,"column":22},"end":{"line":9,"column":23}},"loc":{"start":{"line":9,"column":42},"end":{"line":42,"column":1}},"line":9},"1":{"name":"(anonymous_1)","decl":{"start":{"line":44,"column":27},"end":{"line":44,"column":28}},"loc":{"start":{"line":44,"column":47},"end":{"line":137,"column":1}},"line":44},"2":{"name":"(anonymous_2)","decl":{"start":{"line":80,"column":55},"end":{"line":80,"column":56}},"loc":{"start":{"line":80,"column":62},"end":{"line":80,"column":69}},"line":80},"3":{"name":"(anonymous_3)","decl":{"start":{"line":84,"column":6},"end":{"line":84,"column":7}},"loc":{"start":{"line":84,"column":17},"end":{"line":84,"column":55}},"line":84},"4":{"name":"(anonymous_4)","decl":{"start":{"line":90,"column":29},"end":{"line":90,"column":30}},"loc":{"start":{"line":90,"column":41},"end":{"line":90,"column":50}},"line":90},"5":{"name":"(anonymous_5)","decl":{"start":{"line":102,"column":40},"end":{"line":102,"column":41}},"loc":{"start":{"line":102,"column":47},"end":{"line":102,"column":51}},"line":102},"6":{"name":"(anonymous_6)","decl":{"start":{"line":107,"column":54},"end":{"line":107,"column":55}},"loc":{"start":{"line":107,"column":63},"end":{"line":107,"column":76}},"line":107},"7":{"name":"(anonymous_7)","decl":{"start":{"line":111,"column":14},"end":{"line":111,"column":15}},"loc":{"start":{"line":111,"column":27},"end":{"line":111,"column":68}},"line":111},"8":{"name":"(anonymous_8)","decl":{"start":{"line":112,"column":11},"end":{"line":112,"column":12}},"loc":{"start":{"line":112,"column":25},"end":{"line":115,"column":7}},"line":112},"9":{"name":"(anonymous_9)","decl":{"start":{"line":139,"column":28},"end":{"line":139,"column":29}},"loc":{"start":{"line":139,"column":48},"end":{"line":208,"column":1}},"line":139},"10":{"name":"(anonymous_10)","decl":{"start":{"line":166,"column":42},"end":{"line":166,"column":43}},"loc":{"start":{"line":166,"column":55},"end":{"line":166,"column":65}},"line":166},"11":{"name":"(anonymous_11)","decl":{"start":{"line":181,"column":34},"end":{"line":181,"column":35}},"loc":{"start":{"line":181,"column":46},"end":{"line":184,"column":5}},"line":181},"12":{"name":"(anonymous_12)","decl":{"start":{"line":188,"column":6},"end":{"line":188,"column":7}},"loc":{"start":{"line":188,"column":21},"end":{"line":188,"column":69}},"line":188},"13":{"name":"(anonymous_13)","decl":{"start":{"line":198,"column":35},"end":{"line":198,"column":36}},"loc":{"start":{"line":198,"column":48},"end":{"line":198,"column":61}},"line":198},"14":{"name":"(anonymous_14)","decl":{"start":{"line":210,"column":25},"end":{"line":210,"column":26}},"loc":{"start":{"line":210,"column":45},"end":{"line":251,"column":1}},"line":210},"15":{"name":"(anonymous_15)","decl":{"start":{"line":253,"column":27},"end":{"line":253,"column":28}},"loc":{"start":{"line":253,"column":47},"end":{"line":302,"column":1}},"line":253},"16":{"name":"(anonymous_16)","decl":{"start":{"line":304,"column":35},"end":{"line":304,"column":36}},"loc":{"start":{"line":304,"column":55},"end":{"line":388,"column":1}},"line":304},"17":{"name":"(anonymous_17)","decl":{"start":{"line":345,"column":52},"end":{"line":345,"column":53}},"loc":{"start":{"line":345,"column":59},"end":{"line":345,"column":66}},"line":345},"18":{"name":"(anonymous_18)","decl":{"start":{"line":350,"column":10},"end":{"line":350,"column":11}},"loc":{"start":{"line":350,"column":21},"end":{"line":350,"column":39}},"line":350},"19":{"name":"(anonymous_19)","decl":{"start":{"line":360,"column":58},"end":{"line":360,"column":59}},"loc":{"start":{"line":360,"column":65},"end":{"line":360,"column":72}},"line":360},"20":{"name":"(anonymous_20)","decl":{"start":{"line":364,"column":6},"end":{"line":364,"column":7}},"loc":{"start":{"line":364,"column":17},"end":{"line":364,"column":57}},"line":364}},"branchMap":{"0":{"loc":{"start":{"line":11,"column":25},"end":{"line":11,"column":79}},"type":"binary-expr","locations":[{"start":{"line":11,"column":25},"end":{"line":11,"column":44}},{"start":{"line":11,"column":48},"end":{"line":11,"column":79}}],"line":11},"1":{"loc":{"start":{"line":22,"column":4},"end":{"line":27,"column":5}},"type":"if","locations":[{"start":{"line":22,"column":4},"end":{"line":27,"column":5}},{"start":{},"end":{}}],"line":22},"2":{"loc":{"start":{"line":57,"column":4},"end":{"line":62,"column":5}},"type":"if","locations":[{"start":{"line":57,"column":4},"end":{"line":62,"column":5}},{"start":{},"end":{}}],"line":57},"3":{"loc":{"start":{"line":88,"column":4},"end":{"line":96,"column":5}},"type":"if","locations":[{"start":{"line":88,"column":4},"end":{"line":96,"column":5}},{"start":{},"end":{}}],"line":88},"4":{"loc":{"start":{"line":118,"column":4},"end":{"line":123,"column":5}},"type":"if","locations":[{"start":{"line":118,"column":4},"end":{"line":123,"column":5}},{"start":{},"end":{}}],"line":118},"5":{"loc":{"start":{"line":144,"column":4},"end":{"line":149,"column":5}},"type":"if","locations":[{"start":{"line":144,"column":4},"end":{"line":149,"column":5}},{"start":{},"end":{}}],"line":144},"6":{"loc":{"start":{"line":150,"column":4},"end":{"line":152,"column":5}},"type":"if","locations":[{"start":{"line":150,"column":4},"end":{"line":152,"column":5}},{"start":{},"end":{}}],"line":150},"7":{"loc":{"start":{"line":161,"column":4},"end":{"line":163,"column":5}},"type":"if","locations":[{"start":{"line":161,"column":4},"end":{"line":163,"column":5}},{"start":{},"end":{}}],"line":161},"8":{"loc":{"start":{"line":175,"column":4},"end":{"line":177,"column":5}},"type":"if","locations":[{"start":{"line":175,"column":4},"end":{"line":177,"column":5}},{"start":{},"end":{}}],"line":175},"9":{"loc":{"start":{"line":183,"column":9},"end":{"line":183,"column":47}},"type":"binary-expr","locations":[{"start":{"line":183,"column":9},"end":{"line":183,"column":42}},{"start":{"line":183,"column":46},"end":{"line":183,"column":47}}],"line":183},"10":{"loc":{"start":{"line":218,"column":4},"end":{"line":223,"column":5}},"type":"if","locations":[{"start":{"line":218,"column":4},"end":{"line":223,"column":5}},{"start":{},"end":{}}],"line":218},"11":{"loc":{"start":{"line":232,"column":4},"end":{"line":237,"column":5}},"type":"if","locations":[{"start":{"line":232,"column":4},"end":{"line":237,"column":5}},{"start":{},"end":{}}],"line":232},"12":{"loc":{"start":{"line":261,"column":4},"end":{"line":266,"column":5}},"type":"if","locations":[{"start":{"line":261,"column":4},"end":{"line":266,"column":5}},{"start":{},"end":{}}],"line":261},"13":{"loc":{"start":{"line":275,"column":4},"end":{"line":280,"column":5}},"type":"if","locations":[{"start":{"line":275,"column":4},"end":{"line":280,"column":5}},{"start":{},"end":{}}],"line":275},"14":{"loc":{"start":{"line":283,"column":4},"end":{"line":288,"column":5}},"type":"if","locations":[{"start":{"line":283,"column":4},"end":{"line":288,"column":5}},{"start":{},"end":{}}],"line":283},"15":{"loc":{"start":{"line":313,"column":4},"end":{"line":318,"column":5}},"type":"if","locations":[{"start":{"line":313,"column":4},"end":{"line":318,"column":5}},{"start":{},"end":{}}],"line":313},"16":{"loc":{"start":{"line":327,"column":4},"end":{"line":332,"column":5}},"type":"if","locations":[{"start":{"line":327,"column":4},"end":{"line":332,"column":5}},{"start":{},"end":{}}],"line":327},"17":{"loc":{"start":{"line":349,"column":6},"end":{"line":349,"column":57}},"type":"binary-expr","locations":[{"start":{"line":349,"column":6},"end":{"line":349,"column":51}},{"start":{"line":349,"column":55},"end":{"line":349,"column":57}}],"line":349},"18":{"loc":{"start":{"line":367,"column":4},"end":{"line":372,"column":5}},"type":"if","locations":[{"start":{"line":367,"column":4},"end":{"line":372,"column":5}},{"start":{},"end":{}}],"line":367}},"s":{"0":1,"1":1,"2":1,"3":0,"4":0,"5":0,"6":0,"7":0,"8":0,"9":0,"10":0,"11":1,"12":0,"13":0,"14":0,"15":0,"16":0,"17":0,"18":0,"19":0,"20":0,"21":0,"22":0,"23":0,"24":0,"25":0,"26":0,"27":0,"28":0,"29":0,"30":0,"31":0,"32":0,"33":0,"34":0,"35":0,"36":0,"37":0,"38":0,"39":0,"40":0,"41":0,"42":0,"43":1,"44":0,"45":0,"46":0,"47":0,"48":0,"49":0,"50":0,"51":0,"52":0,"53":0,"54":0,"55":0,"56":0,"57":0,"58":0,"59":0,"60":0,"61":0,"62":0,"63":0,"64":0,"65":0,"66":0,"67":0,"68":1,"69":0,"70":0,"71":0,"72":0,"73":0,"74":0,"75":0,"76":0,"77":0,"78":0,"79":0,"80":0,"81":0,"82":1,"83":0,"84":0,"85":0,"86":0,"87":0,"88":0,"89":0,"90":0,"91":0,"92":0,"93":0,"94":0,"95":0,"96":0,"97":0,"98":1,"99":0,"100":0,"101":0,"102":0,"103":0,"104":0,"105":0,"106":0,"107":0,"108":0,"109":0,"110":0,"111":0,"112":0,"113":0,"114":0,"115":0,"116":0,"117":0,"118":0,"119":0,"120":0,"121":0,"122":0,"123":0},"f":{"0":0,"1":0,"2":0,"3":0,"4":0,"5":0,"6":0,"7":0,"8":0,"9":0,"10":0,"11":0,"12":0,"13":0,"14":0,"15":0,"16":0,"17":0,"18":0,"19":0,"20":0},"b":{"0":[0,0],"1":[0,0],"2":[0,0],"3":[0,0],"4":[0,0],"5":[0,0],"6":[0,0],"7":[0,0],"8":[0,0],"9":[0,0],"10":[0,0],"11":[0,0],"12":[0,0],"13":[0,0],"14":[0,0],"15":[0,0],"16":[0,0],"17":[0,0],"18":[0,0]},"_coverageSchema":"1a1c01bbd47fc00a2c39e90264f33305004495a9","hash":"3ec687e5b90fe13e739222e62d26e8699b0a3a52"}
,"C:\\DATA-JON\\BAHAN LAMAR KERJA\\2025-03-13 - GovTech\\nodjs-api-assessment-govtech\\src\\controllers\\user-controller.js": {"path":"C:\\DATA-JON\\BAHAN LAMAR KERJA\\2025-03-13 - GovTech\\nodjs-api-assessment-govtech\\src\\controllers\\user-controller.js","statementMap":{"0":{"start":{"line":1,"column":28},"end":{"line":1,"column":51}},"1":{"start":{"line":3,"column":0},"end":{"line":24,"column":2}},"2":{"start":{"line":4,"column":2},"end":{"line":23,"column":3}},"3":{"start":{"line":5,"column":22},"end":{"line":9,"column":6}},"4":{"start":{"line":11,"column":4},"end":{"line":15,"column":7}},"5":{"start":{"line":17,"column":4},"end":{"line":17,"column":25}},"6":{"start":{"line":18,"column":4},"end":{"line":22,"column":7}}},"fnMap":{"0":{"name":"(anonymous_0)","decl":{"start":{"line":3,"column":19},"end":{"line":3,"column":20}},"loc":{"start":{"line":3,"column":39},"end":{"line":24,"column":1}},"line":3}},"branchMap":{"0":{"loc":{"start":{"line":13,"column":15},"end":{"line":13,"column":76}},"type":"cond-expr","locations":[{"start":{"line":13,"column":38},"end":{"line":13,"column":57}},{"start":{"line":13,"column":60},"end":{"line":13,"column":76}}],"line":13}},"s":{"0":1,"1":1,"2":0,"3":0,"4":0,"5":0,"6":0},"f":{"0":0},"b":{"0":[0,0]},"_coverageSchema":"1a1c01bbd47fc00a2c39e90264f33305004495a9","hash":"044a9957a162461b6a5f9a11eefa822951794113"}
,"C:\\DATA-JON\\BAHAN LAMAR KERJA\\2025-03-13 - GovTech\\nodjs-api-assessment-govtech\\src\\middleware\\auth-middleware.js": {"path":"C:\\DATA-JON\\BAHAN LAMAR KERJA\\2025-03-13 - GovTech\\nodjs-api-assessment-govtech\\src\\middleware\\auth-middleware.js","statementMap":{"0":{"start":{"line":1,"column":12},"end":{"line":1,"column":35}},"1":{"start":{"line":2,"column":28},"end":{"line":2,"column":51}},"2":{"start":{"line":4,"column":0},"end":{"line":59,"column":2}},"3":{"start":{"line":5,"column":2},"end":{"line":58,"column":3}},"4":{"start":{"line":7,"column":19},"end":{"line":7,"column":46}},"5":{"start":{"line":8,"column":4},"end":{"line":13,"column":5}},"6":{"start":{"line":9,"column":6},"end":{"line":12,"column":9}},"7":{"start":{"line":16,"column":18},"end":{"line":16,"column":54}},"8":{"start":{"line":17,"column":4},"end":{"line":17,"column":46}},"9":{"start":{"line":19,"column":4},"end":{"line":24,"column":5}},"10":{"start":{"line":20,"column":6},"end":{"line":23,"column":9}},"11":{"start":{"line":28,"column":4},"end":{"line":36,"column":5}},"12":{"start":{"line":29,"column":6},"end":{"line":29,"column":64}},"13":{"start":{"line":31,"column":6},"end":{"line":31,"column":60}},"14":{"start":{"line":32,"column":6},"end":{"line":35,"column":9}},"15":{"start":{"line":38,"column":4},"end":{"line":38,"column":42}},"16":{"start":{"line":41,"column":17},"end":{"line":41,"column":52}},"17":{"start":{"line":42,"column":4},"end":{"line":47,"column":5}},"18":{"start":{"line":43,"column":6},"end":{"line":46,"column":9}},"19":{"start":{"line":50,"column":4},"end":{"line":50,"column":20}},"20":{"start":{"line":51,"column":4},"end":{"line":51,"column":18}},"21":{"start":{"line":53,"column":4},"end":{"line":53,"column":54}},"22":{"start":{"line":54,"column":4},"end":{"line":57,"column":7}},"23":{"start":{"line":62,"column":0},"end":{"line":97,"column":2}},"24":{"start":{"line":63,"column":2},"end":{"line":96,"column":4}},"25":{"start":{"line":64,"column":4},"end":{"line":95,"column":5}},"26":{"start":{"line":66,"column":6},"end":{"line":71,"column":7}},"27":{"start":{"line":67,"column":8},"end":{"line":70,"column":11}},"28":{"start":{"line":74,"column":24},"end":{"line":74,"column":38}},"29":{"start":{"line":75,"column":6},"end":{"line":77,"column":8}},"30":{"start":{"line":80,"column":6},"end":{"line":86,"column":7}},"31":{"start":{"line":81,"column":8},"end":{"line":85,"column":11}},"32":{"start":{"line":88,"column":6},"end":{"line":88,"column":20}},"33":{"start":{"line":90,"column":6},"end":{"line":90,"column":62}},"34":{"start":{"line":91,"column":6},"end":{"line":94,"column":9}}},"fnMap":{"0":{"name":"(anonymous_0)","decl":{"start":{"line":4,"column":22},"end":{"line":4,"column":23}},"loc":{"start":{"line":4,"column":48},"end":{"line":59,"column":1}},"line":4},"1":{"name":"(anonymous_1)","decl":{"start":{"line":62,"column":26},"end":{"line":62,"column":27}},"loc":{"start":{"line":62,"column":45},"end":{"line":97,"column":1}},"line":62},"2":{"name":"(anonymous_2)","decl":{"start":{"line":63,"column":9},"end":{"line":63,"column":10}},"loc":{"start":{"line":63,"column":35},"end":{"line":96,"column":3}},"line":63}},"branchMap":{"0":{"loc":{"start":{"line":8,"column":4},"end":{"line":13,"column":5}},"type":"if","locations":[{"start":{"line":8,"column":4},"end":{"line":13,"column":5}},{"start":{},"end":{}}],"line":8},"1":{"loc":{"start":{"line":19,"column":4},"end":{"line":24,"column":5}},"type":"if","locations":[{"start":{"line":19,"column":4},"end":{"line":24,"column":5}},{"start":{},"end":{}}],"line":19},"2":{"loc":{"start":{"line":42,"column":4},"end":{"line":47,"column":5}},"type":"if","locations":[{"start":{"line":42,"column":4},"end":{"line":47,"column":5}},{"start":{},"end":{}}],"line":42},"3":{"loc":{"start":{"line":66,"column":6},"end":{"line":71,"column":7}},"type":"if","locations":[{"start":{"line":66,"column":6},"end":{"line":71,"column":7}},{"start":{},"end":{}}],"line":66},"4":{"loc":{"start":{"line":80,"column":6},"end":{"line":86,"column":7}},"type":"if","locations":[{"start":{"line":80,"column":6},"end":{"line":86,"column":7}},{"start":{},"end":{}}],"line":80}},"s":{"0":1,"1":1,"2":1,"3":0,"4":0,"5":0,"6":0,"7":0,"8":0,"9":0,"10":0,"11":0,"12":0,"13":0,"14":0,"15":0,"16":0,"17":0,"18":0,"19":0,"20":0,"21":0,"22":0,"23":1,"24":6,"25":0,"26":0,"27":0,"28":0,"29":0,"30":0,"31":0,"32":0,"33":0,"34":0},"f":{"0":0,"1":6,"2":0},"b":{"0":[0,0],"1":[0,0],"2":[0,0],"3":[0,0],"4":[0,0]},"_coverageSchema":"1a1c01bbd47fc00a2c39e90264f33305004495a9","hash":"7f57675fef24db514868b27a6e49f0c572ffcd7a"}
,"C:\\DATA-JON\\BAHAN LAMAR KERJA\\2025-03-13 - GovTech\\nodjs-api-assessment-govtech\\src\\routes\\auth-routes.js": {"path":"C:\\DATA-JON\\BAHAN LAMAR KERJA\\2025-03-13 - GovTech\\nodjs-api-assessment-govtech\\src\\routes\\auth-routes.js","statementMap":{"0":{"start":{"line":1,"column":16},"end":{"line":1,"column":34}},"1":{"start":{"line":2,"column":15},"end":{"line":2,"column":31}},"2":{"start":{"line":9,"column":4},"end":{"line":9,"column":45}},"3":{"start":{"line":11,"column":0},"end":{"line":11,"column":35}},"4":{"start":{"line":12,"column":0},"end":{"line":12,"column":29}},"5":{"start":{"line":13,"column":0},"end":{"line":13,"column":44}},"6":{"start":{"line":15,"column":0},"end":{"line":15,"column":24}}},"fnMap":{},"branchMap":{},"s":{"0":1,"1":1,"2":1,"3":1,"4":1,"5":1,"6":1},"f":{},"b":{},"_coverageSchema":"1a1c01bbd47fc00a2c39e90264f33305004495a9","hash":"014150a5d47db344e71e71312c80b327bce28ce3"}
,"C:\\DATA-JON\\BAHAN LAMAR KERJA\\2025-03-13 - GovTech\\nodjs-api-assessment-govtech\\src\\routes\\protected-routes.js": {"path":"C:\\DATA-JON\\BAHAN LAMAR KERJA\\2025-03-13 - GovTech\\nodjs-api-assessment-govtech\\src\\routes\\protected-routes.js","statementMap":{"0":{"start":{"line":1,"column":16},"end":{"line":1,"column":34}},"1":{"start":{"line":2,"column":24},"end":{"line":2,"column":64}},"2":{"start":{"line":4,"column":15},"end":{"line":4,"column":31}},"3":{"start":{"line":6,"column":0},"end":{"line":8,"column":3}},"4":{"start":{"line":7,"column":2},"end":{"line":7,"column":53}},"5":{"start":{"line":10,"column":0},"end":{"line":10,"column":24}}},"fnMap":{"0":{"name":"(anonymous_0)","decl":{"start":{"line":6,"column":29},"end":{"line":6,"column":30}},"loc":{"start":{"line":6,"column":43},"end":{"line":8,"column":1}},"line":6}},"branchMap":{},"s":{"0":1,"1":1,"2":1,"3":1,"4":0,"5":1},"f":{"0":0},"b":{},"_coverageSchema":"1a1c01bbd47fc00a2c39e90264f33305004495a9","hash":"d3c5ada130bd0da787eb20124cd65d9fdc15cb11"}
,"C:\\DATA-JON\\BAHAN LAMAR KERJA\\2025-03-13 - GovTech\\nodjs-api-assessment-govtech\\src\\routes\\routes.js": {"path":"C:\\DATA-JON\\BAHAN LAMAR KERJA\\2025-03-13 - GovTech\\nodjs-api-assessment-govtech\\src\\routes\\routes.js","statementMap":{"0":{"start":{"line":1,"column":16},"end":{"line":1,"column":34}},"1":{"start":{"line":2,"column":15},"end":{"line":2,"column":31}},"2":{"start":{"line":5,"column":19},"end":{"line":5,"column":43}},"3":{"start":{"line":6,"column":24},"end":{"line":6,"column":53}},"4":{"start":{"line":7,"column":19},"end":{"line":7,"column":43}},"5":{"start":{"line":8,"column":22},"end":{"line":8,"column":49}},"6":{"start":{"line":9,"column":22},"end":{"line":9,"column":49}},"7":{"start":{"line":12,"column":0},"end":{"line":12,"column":32}},"8":{"start":{"line":13,"column":0},"end":{"line":13,"column":48}},"9":{"start":{"line":14,"column":0},"end":{"line":14,"column":33}},"10":{"start":{"line":15,"column":0},"end":{"line":15,"column":39}},"11":{"start":{"line":16,"column":0},"end":{"line":16,"column":39}},"12":{"start":{"line":18,"column":0},"end":{"line":18,"column":24}}},"fnMap":{},"branchMap":{},"s":{"0":1,"1":1,"2":1,"3":1,"4":1,"5":1,"6":1,"7":1,"8":1,"9":1,"10":1,"11":1,"12":1},"f":{},"b":{},"_coverageSchema":"1a1c01bbd47fc00a2c39e90264f33305004495a9","hash":"58c51bb6cf229f80e76a1ce28509b18771705761"}
,"C:\\DATA-JON\\BAHAN LAMAR KERJA\\2025-03-13 - GovTech\\nodjs-api-assessment-govtech\\src\\routes\\student-routes.js": {"path":"C:\\DATA-JON\\BAHAN LAMAR KERJA\\2025-03-13 - GovTech\\nodjs-api-assessment-govtech\\src\\routes\\student-routes.js","statementMap":{"0":{"start":{"line":1,"column":16},"end":{"line":1,"column":34}},"1":{"start":{"line":2,"column":15},"end":{"line":2,"column":31}},"2":{"start":{"line":8,"column":4},"end":{"line":8,"column":44}},"3":{"start":{"line":17,"column":4},"end":{"line":17,"column":48}},"4":{"start":{"line":22,"column":0},"end":{"line":22,"column":67}},"5":{"start":{"line":23,"column":0},"end":{"line":23,"column":64}},"6":{"start":{"line":24,"column":0},"end":{"line":24,"column":66}},"7":{"start":{"line":25,"column":0},"end":{"line":25,"column":71}},"8":{"start":{"line":26,"column":0},"end":{"line":26,"column":72}},"9":{"start":{"line":28,"column":0},"end":{"line":28,"column":24}}},"fnMap":{},"branchMap":{},"s":{"0":1,"1":1,"2":1,"3":1,"4":1,"5":1,"6":1,"7":1,"8":1,"9":1},"f":{},"b":{},"_coverageSchema":"1a1c01bbd47fc00a2c39e90264f33305004495a9","hash":"b9bbcdb10aca9121eaf53aed08f915c208ef4f11"}
,"C:\\DATA-JON\\BAHAN LAMAR KERJA\\2025-03-13 - GovTech\\nodjs-api-assessment-govtech\\src\\routes\\teacher-routes.js": {"path":"C:\\DATA-JON\\BAHAN LAMAR KERJA\\2025-03-13 - GovTech\\nodjs-api-assessment-govtech\\src\\routes\\teacher-routes.js","statementMap":{"0":{"start":{"line":1,"column":16},"end":{"line":1,"column":34}},"1":{"start":{"line":2,"column":15},"end":{"line":2,"column":31}},"2":{"start":{"line":8,"column":4},"end":{"line":8,"column":44}},"3":{"start":{"line":18,"column":4},"end":{"line":18,"column":48}},"4":{"start":{"line":21,"column":0},"end":{"line":21,"column":29}},"5":{"start":{"line":22,"column":0},"end":{"line":22,"column":43}},"6":{"start":{"line":23,"column":0},"end":{"line":23,"column":49}},"7":{"start":{"line":24,"column":0},"end":{"line":24,"column":40}},"8":{"start":{"line":25,"column":0},"end":{"line":25,"column":44}},"9":{"start":{"line":26,"column":0},"end":{"line":26,"column":67}},"10":{"start":{"line":29,"column":0},"end":{"line":34,"column":2}},"11":{"start":{"line":36,"column":0},"end":{"line":36,"column":24}}},"fnMap":{},"branchMap":{},"s":{"0":1,"1":1,"2":1,"3":1,"4":1,"5":1,"6":1,"7":1,"8":1,"9":1,"10":1,"11":1},"f":{},"b":{},"_coverageSchema":"1a1c01bbd47fc00a2c39e90264f33305004495a9","hash":"78d0d628fb95e34706a7a14c111101c6d0a59a6b"}
,"C:\\DATA-JON\\BAHAN LAMAR KERJA\\2025-03-13 - GovTech\\nodjs-api-assessment-govtech\\src\\routes\\user-routes.js": {"path":"C:\\DATA-JON\\BAHAN LAMAR KERJA\\2025-03-13 - GovTech\\nodjs-api-assessment-govtech\\src\\routes\\user-routes.js","statementMap":{"0":{"start":{"line":1,"column":16},"end":{"line":1,"column":34}},"1":{"start":{"line":2,"column":15},"end":{"line":2,"column":31}},"2":{"start":{"line":5,"column":21},"end":{"line":5,"column":62}},"3":{"start":{"line":6,"column":24},"end":{"line":6,"column":64}},"4":{"start":{"line":9,"column":0},"end":{"line":9,"column":39}},"5":{"start":{"line":11,"column":0},"end":{"line":11,"column":24}}},"fnMap":{},"branchMap":{},"s":{"0":1,"1":1,"2":1,"3":1,"4":1,"5":1},"f":{},"b":{},"_coverageSchema":"1a1c01bbd47fc00a2c39e90264f33305004495a9","hash":"a58f05edb9c08a9c393c8e4a10f40e29cbb8abea"}
}
