TN:
SF:models\index.js
FN:21,(anonymous_0)
FN:29,(anonymous_1)
FN:34,(anonymous_2)
FNF:3
FNH:3
FNDA:6,(anonymous_0)
FNDA:5,(anonymous_1)
FNDA:5,(anonymous_2)
DA:3,1
DA:4,1
DA:5,1
DA:6,1
DA:7,1
DA:8,1
DA:9,1
DA:10,1
DA:13,1
DA:14,0
DA:16,1
DA:19,1
DA:22,6
DA:30,5
DA:31,5
DA:34,1
DA:35,5
DA:36,5
DA:40,1
DA:41,1
DA:43,1
LF:21
LH:20
BRDA:8,0,0,1
BRDA:8,0,1,0
BRDA:13,1,0,0
BRDA:13,1,1,1
BRDA:23,2,0,6
BRDA:23,2,1,6
BRDA:23,2,2,5
BRDA:23,2,3,5
BRDA:35,3,0,5
BRDA:35,3,1,0
BRF:10
BRH:7
end_of_record
TN:
SF:models\log.js
FN:3,(anonymous_0)
FN:10,(anonymous_1)
FNF:2
FNH:2
FNDA:1,(anonymous_0)
FNDA:1,(anonymous_1)
DA:2,1
DA:3,1
DA:14,1
DA:24,1
LF:4
LH:4
BRF:0
BRH:0
end_of_record
TN:
SF:models\student.js
FN:3,(anonymous_0)
FN:10,(anonymous_1)
FNF:2
FNH:2
FNDA:1,(anonymous_0)
FNDA:1,(anonymous_1)
DA:2,1
DA:3,1
DA:11,1
DA:19,1
DA:54,1
LF:5
LH:5
BRF:0
BRH:0
end_of_record
TN:
SF:models\teacher.js
FN:3,(anonymous_0)
FN:10,(anonymous_1)
FNF:2
FNH:2
FNDA:1,(anonymous_0)
FNDA:1,(anonymous_1)
DA:2,1
DA:3,1
DA:11,1
DA:19,1
DA:49,1
LF:5
LH:5
BRF:0
BRH:0
end_of_record
TN:
SF:models\teacherstudent.js
FN:3,(anonymous_0)
FN:10,(anonymous_1)
FNF:2
FNH:2
FNDA:1,(anonymous_0)
FNDA:1,(anonymous_1)
DA:2,1
DA:3,1
DA:11,1
DA:15,1
DA:21,1
DA:47,1
LF:6
LH:6
BRF:0
BRH:0
end_of_record
TN:
SF:models\user.js
FN:3,(anonymous_0)
FN:10,(anonymous_1)
FNF:2
FNH:2
FNDA:1,(anonymous_0)
FNDA:1,(anonymous_1)
DA:2,1
DA:3,1
DA:14,1
DA:29,1
LF:4
LH:4
BRF:0
BRH:0
end_of_record
TN:
SF:src\index.js
FN:12,(anonymous_0)
FN:19,(anonymous_1)
FNF:2
FNH:1
FNDA:0,(anonymous_0)
FNDA:1,(anonymous_1)
DA:1,1
DA:2,1
DA:3,1
DA:4,1
DA:6,1
DA:8,1
DA:10,1
DA:12,1
DA:13,0
DA:19,1
DA:20,1
LF:11
LH:10
BRDA:4,0,0,1
BRDA:4,0,1,0
BRF:2
BRH:1
end_of_record
TN:
SF:src\controllers\auth-controller.js
FN:8,(anonymous_0)
FN:84,(anonymous_1)
FN:198,(anonymous_2)
FN:212,(anonymous_3)
FN:231,(anonymous_4)
FNF:5
FNH:0
FNDA:0,(anonymous_0)
FNDA:0,(anonymous_1)
FNDA:0,(anonymous_2)
FNDA:0,(anonymous_3)
FNDA:0,(anonymous_4)
DA:1,1
DA:2,1
DA:3,1
DA:4,1
DA:5,1
DA:6,1
DA:8,1
DA:9,0
DA:10,0
DA:13,0
DA:21,0
DA:22,0
DA:23,0
DA:30,0
DA:35,0
DA:36,0
DA:37,0
DA:41,0
DA:42,0
DA:43,0
DA:45,0
DA:49,0
DA:52,0
DA:62,0
DA:75,0
DA:76,0
DA:84,1
DA:85,0
DA:86,0
DA:87,0
DA:88,0
DA:91,0
DA:95,0
DA:96,0
DA:97,0
DA:105,0
DA:110,0
DA:111,0
DA:119,0
DA:120,0
DA:127,0
DA:131,0
DA:132,0
DA:140,0
DA:150,0
DA:160,0
DA:168,0
DA:175,0
DA:189,0
DA:190,0
DA:198,1
DA:199,0
DA:200,0
DA:201,0
DA:202,0
DA:206,0
DA:207,0
DA:208,0
DA:212,0
DA:213,0
DA:214,0
DA:218,0
DA:224,0
DA:227,0
DA:231,1
DA:232,0
DA:233,0
DA:236,0
DA:241,0
DA:242,0
DA:249,0
DA:260,0
DA:261,0
LF:73
LH:10
BRDA:22,0,0,0
BRDA:22,0,1,0
BRDA:35,1,0,0
BRDA:35,1,1,0
BRDA:37,2,0,0
BRDA:37,2,1,0
BRDA:38,3,0,0
BRDA:38,3,1,0
BRDA:42,4,0,0
BRDA:42,4,1,0
BRDA:96,5,0,0
BRDA:96,5,1,0
BRDA:110,6,0,0
BRDA:110,6,1,0
BRDA:119,7,0,0
BRDA:119,7,1,0
BRDA:131,8,0,0
BRDA:131,8,1,0
BRDA:201,9,0,0
BRDA:201,9,1,0
BRDA:207,10,0,0
BRDA:207,10,1,0
BRDA:213,11,0,0
BRDA:213,11,1,0
BRDA:241,12,0,0
BRDA:241,12,1,0
BRF:26
BRH:0
end_of_record
TN:
SF:src\controllers\student-controller.js
FN:5,(anonymous_0)
FN:53,(anonymous_1)
FN:87,(anonymous_2)
FN:129,(anonymous_3)
FN:192,(anonymous_4)
FNF:5
FNH:0
FNDA:0,(anonymous_0)
FNDA:0,(anonymous_1)
FNDA:0,(anonymous_2)
FNDA:0,(anonymous_3)
FNDA:0,(anonymous_4)
DA:1,1
DA:2,1
DA:3,1
DA:5,1
DA:6,0
DA:7,0
DA:10,0
DA:16,0
DA:17,0
DA:18,0
DA:25,0
DA:28,0
DA:29,0
DA:36,0
DA:38,0
DA:44,0
DA:45,0
DA:53,1
DA:54,0
DA:56,0
DA:64,0
DA:65,0
DA:72,0
DA:78,0
DA:79,0
DA:87,1
DA:88,0
DA:89,0
DA:92,0
DA:106,0
DA:107,0
DA:114,0
DA:120,0
DA:121,0
DA:129,1
DA:130,0
DA:131,0
DA:132,0
DA:135,0
DA:142,0
DA:143,0
DA:144,0
DA:151,0
DA:152,0
DA:153,0
DA:160,0
DA:162,0
DA:166,0
DA:167,0
DA:175,0
DA:177,0
DA:183,0
DA:184,0
DA:192,1
DA:193,0
DA:194,0
DA:197,0
DA:198,0
DA:199,0
DA:206,0
DA:208,0
DA:213,0
DA:214,0
LF:63
LH:8
BRDA:17,0,0,0
BRDA:17,0,1,0
BRDA:28,1,0,0
BRDA:28,1,1,0
BRDA:64,2,0,0
BRDA:64,2,1,0
BRDA:106,3,0,0
BRDA:106,3,1,0
BRDA:143,4,0,0
BRDA:143,4,1,0
BRDA:152,5,0,0
BRDA:152,5,1,0
BRDA:160,6,0,0
BRDA:160,6,1,0
BRDA:160,7,0,0
BRDA:160,7,1,0
BRDA:166,8,0,0
BRDA:166,8,1,0
BRDA:198,9,0,0
BRDA:198,9,1,0
BRF:20
BRH:0
end_of_record
TN:
SF:src\controllers\teacher-controller.js
FN:9,(anonymous_0)
FN:44,(anonymous_1)
FN:80,(anonymous_2)
FN:84,(anonymous_3)
FN:90,(anonymous_4)
FN:102,(anonymous_5)
FN:107,(anonymous_6)
FN:111,(anonymous_7)
FN:112,(anonymous_8)
FN:139,(anonymous_9)
FN:166,(anonymous_10)
FN:181,(anonymous_11)
FN:188,(anonymous_12)
FN:198,(anonymous_13)
FN:210,(anonymous_14)
FN:253,(anonymous_15)
FN:304,(anonymous_16)
FN:345,(anonymous_17)
FN:350,(anonymous_18)
FN:360,(anonymous_19)
FN:364,(anonymous_20)
FNF:21
FNH:0
FNDA:0,(anonymous_0)
FNDA:0,(anonymous_1)
FNDA:0,(anonymous_2)
FNDA:0,(anonymous_3)
FNDA:0,(anonymous_4)
FNDA:0,(anonymous_5)
FNDA:0,(anonymous_6)
FNDA:0,(anonymous_7)
FNDA:0,(anonymous_8)
FNDA:0,(anonymous_9)
FNDA:0,(anonymous_10)
FNDA:0,(anonymous_11)
FNDA:0,(anonymous_12)
FNDA:0,(anonymous_13)
FNDA:0,(anonymous_14)
FNDA:0,(anonymous_15)
FNDA:0,(anonymous_16)
FNDA:0,(anonymous_17)
FNDA:0,(anonymous_18)
FNDA:0,(anonymous_19)
FNDA:0,(anonymous_20)
DA:6,1
DA:7,1
DA:9,1
DA:10,0
DA:11,0
DA:14,0
DA:22,0
DA:23,0
DA:29,0
DA:35,0
DA:36,0
DA:44,1
DA:47,0
DA:49,0
DA:51,0
DA:56,0
DA:57,0
DA:58,0
DA:64,0
DA:67,0
DA:74,0
DA:80,0
DA:83,0
DA:84,0
DA:88,0
DA:89,0
DA:90,0
DA:95,0
DA:99,0
DA:102,0
DA:107,0
DA:110,0
DA:111,0
DA:112,0
DA:118,0
DA:119,0
DA:125,0
DA:127,0
DA:129,0
DA:130,0
DA:131,0
DA:139,1
DA:140,0
DA:141,0
DA:144,0
DA:145,0
DA:150,0
DA:151,0
DA:155,0
DA:161,0
DA:162,0
DA:166,0
DA:169,0
DA:175,0
DA:176,0
DA:180,0
DA:181,0
DA:182,0
DA:187,0
DA:188,0
DA:192,0
DA:197,0
DA:198,0
DA:201,0
DA:202,0
DA:210,1
DA:211,0
DA:213,0
DA:217,0
DA:218,0
DA:219,0
DA:225,0
DA:228,0
DA:232,0
DA:233,0
DA:240,0
DA:242,0
DA:244,0
DA:245,0
DA:253,1
DA:254,0
DA:256,0
DA:260,0
DA:261,0
DA:262,0
DA:268,0
DA:271,0
DA:275,0
DA:276,0
DA:283,0
DA:284,0
DA:291,0
DA:293,0
DA:295,0
DA:296,0
DA:304,1
DA:305,0
DA:307,0
DA:312,0
DA:313,0
DA:314,0
DA:320,0
DA:323,0
DA:327,0
DA:328,0
DA:335,0
DA:345,0
DA:348,0
DA:350,0
DA:353,0
DA:360,0
DA:363,0
DA:364,0
DA:367,0
DA:368,0
DA:375,0
DA:379,0
DA:381,0
DA:382,0
LF:119
LH:8
BRDA:11,0,0,0
BRDA:11,0,1,0
BRDA:22,1,0,0
BRDA:22,1,1,0
BRDA:57,2,0,0
BRDA:57,2,1,0
BRDA:88,3,0,0
BRDA:88,3,1,0
BRDA:118,4,0,0
BRDA:118,4,1,0
BRDA:144,5,0,0
BRDA:144,5,1,0
BRDA:150,6,0,0
BRDA:150,6,1,0
BRDA:161,7,0,0
BRDA:161,7,1,0
BRDA:175,8,0,0
BRDA:175,8,1,0
BRDA:183,9,0,0
BRDA:183,9,1,0
BRDA:218,10,0,0
BRDA:218,10,1,0
BRDA:232,11,0,0
BRDA:232,11,1,0
BRDA:261,12,0,0
BRDA:261,12,1,0
BRDA:275,13,0,0
BRDA:275,13,1,0
BRDA:283,14,0,0
BRDA:283,14,1,0
BRDA:313,15,0,0
BRDA:313,15,1,0
BRDA:327,16,0,0
BRDA:327,16,1,0
BRDA:349,17,0,0
BRDA:349,17,1,0
BRDA:367,18,0,0
BRDA:367,18,1,0
BRF:38
BRH:0
end_of_record
TN:
SF:src\controllers\user-controller.js
FN:3,(anonymous_0)
FNF:1
FNH:0
FNDA:0,(anonymous_0)
DA:1,1
DA:3,1
DA:4,0
DA:5,0
DA:11,0
DA:17,0
DA:18,0
LF:7
LH:2
BRDA:13,0,0,0
BRDA:13,0,1,0
BRF:2
BRH:0
end_of_record
TN:
SF:src\middleware\auth-middleware.js
FN:4,(anonymous_0)
FN:62,(anonymous_1)
FN:63,(anonymous_2)
FNF:3
FNH:1
FNDA:0,(anonymous_0)
FNDA:6,(anonymous_1)
FNDA:0,(anonymous_2)
DA:1,1
DA:2,1
DA:4,1
DA:5,0
DA:7,0
DA:8,0
DA:9,0
DA:16,0
DA:17,0
DA:19,0
DA:20,0
DA:28,0
DA:29,0
DA:31,0
DA:32,0
DA:38,0
DA:41,0
DA:42,0
DA:43,0
DA:50,0
DA:51,0
DA:53,0
DA:54,0
DA:62,1
DA:63,6
DA:64,0
DA:66,0
DA:67,0
DA:74,0
DA:75,0
DA:80,0
DA:81,0
DA:88,0
DA:90,0
DA:91,0
LF:35
LH:5
BRDA:8,0,0,0
BRDA:8,0,1,0
BRDA:19,1,0,0
BRDA:19,1,1,0
BRDA:42,2,0,0
BRDA:42,2,1,0
BRDA:66,3,0,0
BRDA:66,3,1,0
BRDA:80,4,0,0
BRDA:80,4,1,0
BRF:10
BRH:0
end_of_record
TN:
SF:src\routes\auth-routes.js
FNF:0
FNH:0
DA:1,1
DA:2,1
DA:9,1
DA:11,1
DA:12,1
DA:13,1
DA:15,1
LF:7
LH:7
BRF:0
BRH:0
end_of_record
TN:
SF:src\routes\protected-routes.js
FN:6,(anonymous_0)
FNF:1
FNH:0
FNDA:0,(anonymous_0)
DA:1,1
DA:2,1
DA:4,1
DA:6,1
DA:7,0
DA:10,1
LF:6
LH:5
BRF:0
BRH:0
end_of_record
TN:
SF:src\routes\routes.js
FNF:0
FNH:0
DA:1,1
DA:2,1
DA:5,1
DA:6,1
DA:7,1
DA:8,1
DA:9,1
DA:12,1
DA:13,1
DA:14,1
DA:15,1
DA:16,1
DA:18,1
LF:13
LH:13
BRF:0
BRH:0
end_of_record
TN:
SF:src\routes\student-routes.js
FNF:0
FNH:0
DA:1,1
DA:2,1
DA:8,1
DA:17,1
DA:22,1
DA:23,1
DA:24,1
DA:25,1
DA:26,1
DA:28,1
LF:10
LH:10
BRF:0
BRH:0
end_of_record
TN:
SF:src\routes\teacher-routes.js
FNF:0
FNH:0
DA:1,1
DA:2,1
DA:8,1
DA:18,1
DA:21,1
DA:22,1
DA:23,1
DA:24,1
DA:25,1
DA:26,1
DA:29,1
DA:36,1
LF:12
LH:12
BRF:0
BRH:0
end_of_record
TN:
SF:src\routes\user-routes.js
FNF:0
FNH:0
DA:1,1
DA:2,1
DA:5,1
DA:6,1
DA:9,1
DA:11,1
LF:6
LH:6
BRF:0
BRH:0
end_of_record
